# JRE version: Java(TM) SE Runtime Environment (8.0_112-b15) (build 1.8.0_112-b15)
# Java VM: Java HotSpot(TM) 64-Bit Server VM (25.112-b15 mixed mode windows-amd64 compressed oops)
Heap:
 PSYoungGen      total 34304K, used 9126K [0x00000000eb580000, 0x00000000ed980000, 0x0000000100000000)
  eden space 31744K, 20% used [0x00000000eb580000,0x00000000ebbea160,0x00000000ed480000)
  from space 2560K, 99% used [0x00000000ed700000,0x00000000ed97f910,0x00000000ed980000)
  to   space 2560K, 0% used [0x00000000ed480000,0x00000000ed480000,0x00000000ed700000)
 ParOldGen       total 42496K, used 7737K [0x00000000c2000000, 0x00000000c4980000, 0x00000000eb580000)
  object space 42496K, 18% used [0x00000000c2000000,0x00000000c278e600,0x00000000c4980000)
 Metaspace       used 15751K, capacity 16004K, committed 16256K, reserved 1062912K
  class space    used 2046K, capacity 2099K, committed 2176K, reserved 1048576K
GC Heap History (4 events):
Event: 1.188 GC heap before
{Heap before GC invocations=1 (full 0):
 PSYoungGen      total 18432K, used 15872K [0x00000000eb580000, 0x00000000eca00000, 0x0000000100000000)
  eden space 15872K, 100% used [0x00000000eb580000,0x00000000ec500000,0x00000000ec500000)
  from space 2560K, 0% used [0x00000000ec780000,0x00000000ec780000,0x00000000eca00000)
  to   space 2560K, 0% used [0x00000000ec500000,0x00000000ec500000,0x00000000ec780000)
 ParOldGen       total 42496K, used 0K [0x00000000c2000000, 0x00000000c4980000, 0x00000000eb580000)
  object space 42496K, 0% used [0x00000000c2000000,0x00000000c2000000,0x00000000c4980000)
 Metaspace       used 10189K, capacity 10344K, committed 10624K, reserved 1058816K
  class space    used 1225K, capacity 1317K, committed 1408K, reserved 1048576K
Event: 1.207 GC heap after
Heap after GC invocations=1 (full 0):
 PSYoungGen      total 18432K, used 2489K [0x00000000eb580000, 0x00000000ed980000, 0x0000000100000000)
  eden space 15872K, 0% used [0x00000000eb580000,0x00000000eb580000,0x00000000ec500000)
  from space 2560K, 97% used [0x00000000ec500000,0x00000000ec76e5b0,0x00000000ec780000)
  to   space 2560K, 0% used [0x00000000ed700000,0x00000000ed700000,0x00000000ed980000)
 ParOldGen       total 42496K, used 0K [0x00000000c2000000, 0x00000000c4980000, 0x00000000eb580000)
  object space 42496K, 0% used [0x00000000c2000000,0x00000000c2000000,0x00000000c4980000)
 Metaspace       used 10189K, capacity 10344K, committed 10624K, reserved 1058816K
  class space    used 1225K, capacity 1317K, committed 1408K, reserved 1048576K
}
Event: 2.576 GC heap before
{Heap before GC invocations=2 (full 0):
 PSYoungGen      total 18432K, used 17662K [0x00000000eb580000, 0x00000000ed980000, 0x0000000100000000)
  eden space 15872K, 95% used [0x00000000eb580000,0x00000000ec451540,0x00000000ec500000)
  from space 2560K, 97% used [0x00000000ec500000,0x00000000ec76e5b0,0x00000000ec780000)
  to   space 2560K, 0% used [0x00000000ed700000,0x00000000ed700000,0x00000000ed980000)
 ParOldGen       total 42496K, used 0K [0x00000000c2000000, 0x00000000c4980000, 0x00000000eb580000)
  object space 42496K, 0% used [0x00000000c2000000,0x00000000c2000000,0x00000000c4980000)
 Metaspace       used 14231K, capacity 14434K, committed 14720K, reserved 1062912K
  class space    used 1840K, capacity 1900K, committed 1920K, reserved 1048576K
Event: 2.608 GC heap after
Heap after GC invocations=2 (full 0):
 PSYoungGen      total 34304K, used 2558K [0x00000000eb580000, 0x00000000ed980000, 0x0000000100000000)
  eden space 31744K, 0% used [0x00000000eb580000,0x00000000eb580000,0x00000000ed480000)
  from space 2560K, 99% used [0x00000000ed700000,0x00000000ed97f910,0x00000000ed980000)
  to   space 2560K, 0% used [0x00000000ed480000,0x00000000ed480000,0x00000000ed700000)
 ParOldGen       total 42496K, used 7737K [0x00000000c2000000, 0x00000000c4980000, 0x00000000eb580000)
  object space 42496K, 18% used [0x00000000c2000000,0x00000000c278e600,0x00000000c4980000)
 Metaspace       used 14231K, capacity 14434K, committed 14720K, reserved 1062912K
  class space    used 1840K, capacity 1900K, committed 1920K, reserved 1048576K
}

