# JRE version: Java(TM) SE Runtime Environment (8.0_112-b15) (build 1.8.0_112-b15)
# Java VM: Java HotSpot(TM) 64-Bit Server VM (25.112-b15 mixed mode windows-amd64 compressed oops)
Heap:
 PSYoungGen      total 34304K, used 12589K [0x00000000eb580000, 0x00000000ed980000, 0x0000000100000000)
  eden space 31744K, 31% used [0x00000000eb580000,0x00000000ebf4f6c8,0x00000000ed480000)
  from space 2560K, 99% used [0x00000000ed700000,0x00000000ed97bf90,0x00000000ed980000)
  to   space 2560K, 0% used [0x00000000ed480000,0x00000000ed480000,0x00000000ed700000)
 ParOldGen       total 42496K, used 6299K [0x00000000c2000000, 0x00000000c4980000, 0x00000000eb580000)
  object space 42496K, 14% used [0x00000000c2000000,0x00000000c2626e50,0x00000000c4980000)
 Metaspace       used 15820K, capacity 16064K, committed 16256K, reserved 1062912K
  class space    used 2044K, capacity 2099K, committed 2176K, reserved 1048576K
GC Heap History (4 events):
Event: 1.049 GC heap before
{Heap before GC invocations=1 (full 0):
 PSYoungGen      total 18432K, used 15872K [0x00000000eb580000, 0x00000000eca00000, 0x0000000100000000)
  eden space 15872K, 100% used [0x00000000eb580000,0x00000000ec500000,0x00000000ec500000)
  from space 2560K, 0% used [0x00000000ec780000,0x00000000ec780000,0x00000000eca00000)
  to   space 2560K, 0% used [0x00000000ec500000,0x00000000ec500000,0x00000000ec780000)
 ParOldGen       total 42496K, used 0K [0x00000000c2000000, 0x00000000c4980000, 0x00000000eb580000)
  object space 42496K, 0% used [0x00000000c2000000,0x00000000c2000000,0x00000000c4980000)
 Metaspace       used 10178K, capacity 10340K, committed 10624K, reserved 1058816K
  class space    used 1225K, capacity 1317K, committed 1408K, reserved 1048576K
Event: 1.063 GC heap after
Heap after GC invocations=1 (full 0):
 PSYoungGen      total 18432K, used 2492K [0x00000000eb580000, 0x00000000ed980000, 0x0000000100000000)
  eden space 15872K, 0% used [0x00000000eb580000,0x00000000eb580000,0x00000000ec500000)
  from space 2560K, 97% used [0x00000000ec500000,0x00000000ec76f000,0x00000000ec780000)
  to   space 2560K, 0% used [0x00000000ed700000,0x00000000ed700000,0x00000000ed980000)
 ParOldGen       total 42496K, used 0K [0x00000000c2000000, 0x00000000c4980000, 0x00000000eb580000)
  object space 42496K, 0% used [0x00000000c2000000,0x00000000c2000000,0x00000000c4980000)
 Metaspace       used 10178K, capacity 10340K, committed 10624K, reserved 1058816K
  class space    used 1225K, capacity 1317K, committed 1408K, reserved 1048576K
}
Event: 2.028 GC heap before
{Heap before GC invocations=2 (full 0):
 PSYoungGen      total 18432K, used 17306K [0x00000000eb580000, 0x00000000ed980000, 0x0000000100000000)
  eden space 15872K, 93% used [0x00000000eb580000,0x00000000ec3f7ab8,0x00000000ec500000)
  from space 2560K, 97% used [0x00000000ec500000,0x00000000ec76f000,0x00000000ec780000)
  to   space 2560K, 0% used [0x00000000ed700000,0x00000000ed700000,0x00000000ed980000)
 ParOldGen       total 42496K, used 0K [0x00000000c2000000, 0x00000000c4980000, 0x00000000eb580000)
  object space 42496K, 0% used [0x00000000c2000000,0x00000000c2000000,0x00000000c4980000)
 Metaspace       used 14219K, capacity 14430K, committed 14720K, reserved 1062912K
  class space    used 1831K, capacity 1900K, committed 1920K, reserved 1048576K
Event: 2.093 GC heap after
Heap after GC invocations=2 (full 0):
 PSYoungGen      total 34304K, used 2543K [0x00000000eb580000, 0x00000000ed980000, 0x0000000100000000)
  eden space 31744K, 0% used [0x00000000eb580000,0x00000000eb580000,0x00000000ed480000)
  from space 2560K, 99% used [0x00000000ed700000,0x00000000ed97bf90,0x00000000ed980000)
  to   space 2560K, 0% used [0x00000000ed480000,0x00000000ed480000,0x00000000ed700000)
 ParOldGen       total 42496K, used 6299K [0x00000000c2000000, 0x00000000c4980000, 0x00000000eb580000)
  object space 42496K, 14% used [0x00000000c2000000,0x00000000c2626e50,0x00000000c4980000)
 Metaspace       used 14219K, capacity 14430K, committed 14720K, reserved 1062912K
  class space    used 1831K, capacity 1900K, committed 1920K, reserved 1048576K
}

